{"C:\\Users\\Vladislaw\\IdeaProjects\\training\\ui\\js\\practice-tasks\\tasks\\practice-tasks.js": {"path":"C:\\Users\\Vladislaw\\IdeaProjects\\training\\ui\\js\\practice-tasks\\tasks\\practice-tasks.js","all":false,"statementMap":{"0":{"start":{"line":1,"column":0},"end":{"line":1,"column":13}},"1":{"start":{"line":2,"column":0},"end":{"line":2,"column":0}},"2":{"start":{"line":3,"column":0},"end":{"line":3,"column":3}},"3":{"start":{"line":4,"column":0},"end":{"line":4,"column":36}},"4":{"start":{"line":5,"column":0},"end":{"line":5,"column":2}},"5":{"start":{"line":6,"column":0},"end":{"line":6,"column":14}},"6":{"start":{"line":7,"column":0},"end":{"line":7,"column":3}},"7":{"start":{"line":8,"column":0},"end":{"line":8,"column":18}},"8":{"start":{"line":9,"column":0},"end":{"line":9,"column":18}},"9":{"start":{"line":10,"column":0},"end":{"line":10,"column":21}},"10":{"start":{"line":11,"column":0},"end":{"line":11,"column":32}},"11":{"start":{"line":12,"column":0},"end":{"line":12,"column":21}},"12":{"start":{"line":13,"column":0},"end":{"line":13,"column":14}},"13":{"start":{"line":14,"column":0},"end":{"line":14,"column":15}},"14":{"start":{"line":15,"column":0},"end":{"line":15,"column":25}},"15":{"start":{"line":16,"column":0},"end":{"line":16,"column":10}},"16":{"start":{"line":17,"column":0},"end":{"line":17,"column":2}},"17":{"start":{"line":18,"column":0},"end":{"line":18,"column":0}},"18":{"start":{"line":19,"column":0},"end":{"line":19,"column":3}},"19":{"start":{"line":20,"column":0},"end":{"line":20,"column":103}},"20":{"start":{"line":21,"column":0},"end":{"line":21,"column":26}},"21":{"start":{"line":22,"column":0},"end":{"line":22,"column":20}},"22":{"start":{"line":23,"column":0},"end":{"line":23,"column":2}},"23":{"start":{"line":24,"column":0},"end":{"line":24,"column":11}},"24":{"start":{"line":25,"column":0},"end":{"line":25,"column":30}},"25":{"start":{"line":26,"column":0},"end":{"line":26,"column":23}},"26":{"start":{"line":27,"column":0},"end":{"line":27,"column":27}},"27":{"start":{"line":28,"column":0},"end":{"line":28,"column":3}},"28":{"start":{"line":29,"column":0},"end":{"line":29,"column":33}},"29":{"start":{"line":30,"column":0},"end":{"line":30,"column":25}},"30":{"start":{"line":31,"column":0},"end":{"line":31,"column":28}},"31":{"start":{"line":32,"column":0},"end":{"line":32,"column":33}},"32":{"start":{"line":33,"column":0},"end":{"line":33,"column":99}},"33":{"start":{"line":34,"column":0},"end":{"line":34,"column":1}},"34":{"start":{"line":35,"column":0},"end":{"line":35,"column":0}},"35":{"start":{"line":36,"column":0},"end":{"line":36,"column":3}},"36":{"start":{"line":37,"column":0},"end":{"line":37,"column":112}},"37":{"start":{"line":38,"column":0},"end":{"line":38,"column":59}},"38":{"start":{"line":39,"column":0},"end":{"line":39,"column":37}},"39":{"start":{"line":40,"column":0},"end":{"line":40,"column":26}},"40":{"start":{"line":41,"column":0},"end":{"line":41,"column":19}},"41":{"start":{"line":42,"column":0},"end":{"line":42,"column":2}},"42":{"start":{"line":43,"column":0},"end":{"line":43,"column":11}},"43":{"start":{"line":44,"column":0},"end":{"line":44,"column":18}},"44":{"start":{"line":45,"column":0},"end":{"line":45,"column":20}},"45":{"start":{"line":46,"column":0},"end":{"line":46,"column":3}},"46":{"start":{"line":47,"column":0},"end":{"line":47,"column":36}},"47":{"start":{"line":48,"column":0},"end":{"line":48,"column":25}},"48":{"start":{"line":49,"column":0},"end":{"line":49,"column":28}},"49":{"start":{"line":50,"column":0},"end":{"line":50,"column":37}},"50":{"start":{"line":51,"column":0},"end":{"line":51,"column":31}},"51":{"start":{"line":52,"column":0},"end":{"line":52,"column":1}},"52":{"start":{"line":53,"column":0},"end":{"line":53,"column":0}},"53":{"start":{"line":54,"column":0},"end":{"line":54,"column":3}},"54":{"start":{"line":55,"column":0},"end":{"line":55,"column":114}},"55":{"start":{"line":56,"column":0},"end":{"line":56,"column":24}},"56":{"start":{"line":57,"column":0},"end":{"line":57,"column":28}},"57":{"start":{"line":58,"column":0},"end":{"line":58,"column":23}},"58":{"start":{"line":59,"column":0},"end":{"line":59,"column":19}},"59":{"start":{"line":60,"column":0},"end":{"line":60,"column":2}},"60":{"start":{"line":61,"column":0},"end":{"line":61,"column":11}},"61":{"start":{"line":62,"column":0},"end":{"line":62,"column":27}},"62":{"start":{"line":63,"column":0},"end":{"line":63,"column":27}},"63":{"start":{"line":64,"column":0},"end":{"line":64,"column":27}},"64":{"start":{"line":65,"column":0},"end":{"line":65,"column":3}},"65":{"start":{"line":66,"column":0},"end":{"line":66,"column":55}},"66":{"start":{"line":67,"column":0},"end":{"line":67,"column":27}},"67":{"start":{"line":68,"column":0},"end":{"line":68,"column":22}},"68":{"start":{"line":69,"column":0},"end":{"line":69,"column":29}},"69":{"start":{"line":70,"column":0},"end":{"line":70,"column":24}},"70":{"start":{"line":71,"column":0},"end":{"line":71,"column":58}},"71":{"start":{"line":72,"column":0},"end":{"line":72,"column":1}},"72":{"start":{"line":73,"column":0},"end":{"line":73,"column":0}},"73":{"start":{"line":74,"column":0},"end":{"line":74,"column":3}},"74":{"start":{"line":75,"column":0},"end":{"line":75,"column":112}},"75":{"start":{"line":76,"column":0},"end":{"line":76,"column":2}},"76":{"start":{"line":77,"column":0},"end":{"line":77,"column":25}},"77":{"start":{"line":78,"column":0},"end":{"line":78,"column":19}},"78":{"start":{"line":79,"column":0},"end":{"line":79,"column":2}},"79":{"start":{"line":80,"column":0},"end":{"line":80,"column":11}},"80":{"start":{"line":81,"column":0},"end":{"line":81,"column":29}},"81":{"start":{"line":82,"column":0},"end":{"line":82,"column":107}},"82":{"start":{"line":83,"column":0},"end":{"line":83,"column":3}},"83":{"start":{"line":84,"column":0},"end":{"line":84,"column":35}},"84":{"start":{"line":85,"column":0},"end":{"line":85,"column":24}},"85":{"start":{"line":86,"column":0},"end":{"line":86,"column":26}},"86":{"start":{"line":87,"column":0},"end":{"line":87,"column":0}},"87":{"start":{"line":88,"column":0},"end":{"line":88,"column":35}},"88":{"start":{"line":89,"column":0},"end":{"line":89,"column":20}},"89":{"start":{"line":90,"column":0},"end":{"line":90,"column":0}},"90":{"start":{"line":91,"column":0},"end":{"line":91,"column":43}},"91":{"start":{"line":92,"column":0},"end":{"line":92,"column":28}},"92":{"start":{"line":93,"column":0},"end":{"line":93,"column":0}},"93":{"start":{"line":94,"column":0},"end":{"line":94,"column":65}},"94":{"start":{"line":95,"column":0},"end":{"line":95,"column":32}},"95":{"start":{"line":96,"column":0},"end":{"line":96,"column":9}},"96":{"start":{"line":97,"column":0},"end":{"line":97,"column":5}},"97":{"start":{"line":98,"column":0},"end":{"line":98,"column":0}},"98":{"start":{"line":99,"column":0},"end":{"line":99,"column":36}},"99":{"start":{"line":100,"column":0},"end":{"line":100,"column":1}},"100":{"start":{"line":101,"column":0},"end":{"line":101,"column":0}},"101":{"start":{"line":102,"column":0},"end":{"line":102,"column":3}},"102":{"start":{"line":103,"column":0},"end":{"line":103,"column":106}},"103":{"start":{"line":104,"column":0},"end":{"line":104,"column":58}},"104":{"start":{"line":105,"column":0},"end":{"line":105,"column":2}},"105":{"start":{"line":106,"column":0},"end":{"line":106,"column":22}},"106":{"start":{"line":107,"column":0},"end":{"line":107,"column":21}},"107":{"start":{"line":108,"column":0},"end":{"line":108,"column":2}},"108":{"start":{"line":109,"column":0},"end":{"line":109,"column":11}},"109":{"start":{"line":110,"column":0},"end":{"line":110,"column":37}},"110":{"start":{"line":111,"column":0},"end":{"line":111,"column":22}},"111":{"start":{"line":112,"column":0},"end":{"line":112,"column":2}},"112":{"start":{"line":113,"column":0},"end":{"line":113,"column":36}},"113":{"start":{"line":114,"column":0},"end":{"line":114,"column":21}},"114":{"start":{"line":115,"column":0},"end":{"line":115,"column":2}},"115":{"start":{"line":116,"column":0},"end":{"line":116,"column":32}},"116":{"start":{"line":117,"column":0},"end":{"line":117,"column":17}},"117":{"start":{"line":118,"column":0},"end":{"line":118,"column":3}},"118":{"start":{"line":119,"column":0},"end":{"line":119,"column":25}},"119":{"start":{"line":120,"column":0},"end":{"line":120,"column":21}},"120":{"start":{"line":121,"column":0},"end":{"line":121,"column":23}},"121":{"start":{"line":122,"column":0},"end":{"line":122,"column":0}},"122":{"start":{"line":123,"column":0},"end":{"line":123,"column":23}},"123":{"start":{"line":124,"column":0},"end":{"line":124,"column":19}},"124":{"start":{"line":125,"column":0},"end":{"line":125,"column":6}},"125":{"start":{"line":126,"column":0},"end":{"line":126,"column":1}},"126":{"start":{"line":127,"column":0},"end":{"line":127,"column":0}},"127":{"start":{"line":128,"column":0},"end":{"line":128,"column":3}},"128":{"start":{"line":129,"column":0},"end":{"line":129,"column":47}},"129":{"start":{"line":130,"column":0},"end":{"line":130,"column":2}},"130":{"start":{"line":131,"column":0},"end":{"line":131,"column":24}},"131":{"start":{"line":132,"column":0},"end":{"line":132,"column":19}},"132":{"start":{"line":133,"column":0},"end":{"line":133,"column":3}},"133":{"start":{"line":134,"column":0},"end":{"line":134,"column":28}},"134":{"start":{"line":135,"column":0},"end":{"line":135,"column":23}},"135":{"start":{"line":136,"column":0},"end":{"line":136,"column":26}},"136":{"start":{"line":137,"column":0},"end":{"line":137,"column":31}},"137":{"start":{"line":138,"column":0},"end":{"line":138,"column":34}},"138":{"start":{"line":139,"column":0},"end":{"line":139,"column":1}},"139":{"start":{"line":140,"column":0},"end":{"line":140,"column":0}},"140":{"start":{"line":141,"column":0},"end":{"line":141,"column":3}},"141":{"start":{"line":142,"column":0},"end":{"line":142,"column":73}},"142":{"start":{"line":143,"column":0},"end":{"line":143,"column":2}},"143":{"start":{"line":144,"column":0},"end":{"line":144,"column":25}},"144":{"start":{"line":145,"column":0},"end":{"line":145,"column":25}},"145":{"start":{"line":146,"column":0},"end":{"line":146,"column":18}},"146":{"start":{"line":147,"column":0},"end":{"line":147,"column":2}},"147":{"start":{"line":148,"column":0},"end":{"line":148,"column":3}},"148":{"start":{"line":149,"column":0},"end":{"line":149,"column":49}},"149":{"start":{"line":150,"column":0},"end":{"line":150,"column":25}},"150":{"start":{"line":151,"column":0},"end":{"line":151,"column":25}},"151":{"start":{"line":152,"column":0},"end":{"line":152,"column":26}},"152":{"start":{"line":153,"column":0},"end":{"line":153,"column":26}},"153":{"start":{"line":154,"column":0},"end":{"line":154,"column":0}},"154":{"start":{"line":155,"column":0},"end":{"line":155,"column":29}},"155":{"start":{"line":156,"column":0},"end":{"line":156,"column":0}},"156":{"start":{"line":157,"column":0},"end":{"line":157,"column":85}},"157":{"start":{"line":158,"column":0},"end":{"line":158,"column":61}},"158":{"start":{"line":159,"column":0},"end":{"line":159,"column":5}},"159":{"start":{"line":160,"column":0},"end":{"line":160,"column":0}},"160":{"start":{"line":161,"column":0},"end":{"line":161,"column":69}},"161":{"start":{"line":162,"column":0},"end":{"line":162,"column":0}},"162":{"start":{"line":163,"column":0},"end":{"line":163,"column":33}},"163":{"start":{"line":164,"column":0},"end":{"line":164,"column":37}},"164":{"start":{"line":165,"column":0},"end":{"line":165,"column":41}},"165":{"start":{"line":166,"column":0},"end":{"line":166,"column":62}},"166":{"start":{"line":167,"column":0},"end":{"line":167,"column":13}},"167":{"start":{"line":168,"column":0},"end":{"line":168,"column":9}},"168":{"start":{"line":169,"column":0},"end":{"line":169,"column":5}},"169":{"start":{"line":170,"column":0},"end":{"line":170,"column":0}},"170":{"start":{"line":171,"column":0},"end":{"line":171,"column":18}},"171":{"start":{"line":172,"column":0},"end":{"line":172,"column":1}},"172":{"start":{"line":173,"column":0},"end":{"line":173,"column":0}},"173":{"start":{"line":174,"column":0},"end":{"line":174,"column":3}},"174":{"start":{"line":175,"column":0},"end":{"line":175,"column":88}},"175":{"start":{"line":176,"column":0},"end":{"line":176,"column":78}},"176":{"start":{"line":177,"column":0},"end":{"line":177,"column":75}},"177":{"start":{"line":178,"column":0},"end":{"line":178,"column":76}},"178":{"start":{"line":179,"column":0},"end":{"line":179,"column":130}},"179":{"start":{"line":180,"column":0},"end":{"line":180,"column":2}},"180":{"start":{"line":181,"column":0},"end":{"line":181,"column":22}},"181":{"start":{"line":182,"column":0},"end":{"line":182,"column":16}},"182":{"start":{"line":183,"column":0},"end":{"line":183,"column":2}},"183":{"start":{"line":184,"column":0},"end":{"line":184,"column":11}},"184":{"start":{"line":185,"column":0},"end":{"line":185,"column":58}},"185":{"start":{"line":186,"column":0},"end":{"line":186,"column":58}},"186":{"start":{"line":187,"column":0},"end":{"line":187,"column":86}},"187":{"start":{"line":188,"column":0},"end":{"line":188,"column":3}},"188":{"start":{"line":189,"column":0},"end":{"line":189,"column":22}},"189":{"start":{"line":190,"column":0},"end":{"line":190,"column":21}},"190":{"start":{"line":191,"column":0},"end":{"line":191,"column":23}},"191":{"start":{"line":192,"column":0},"end":{"line":192,"column":0}},"192":{"start":{"line":193,"column":0},"end":{"line":193,"column":25}},"193":{"start":{"line":194,"column":0},"end":{"line":194,"column":23}},"194":{"start":{"line":195,"column":0},"end":{"line":195,"column":0}},"195":{"start":{"line":196,"column":0},"end":{"line":196,"column":30}},"196":{"start":{"line":197,"column":0},"end":{"line":197,"column":27}},"197":{"start":{"line":198,"column":0},"end":{"line":198,"column":29}},"198":{"start":{"line":199,"column":0},"end":{"line":199,"column":0}},"199":{"start":{"line":200,"column":0},"end":{"line":200,"column":26}},"200":{"start":{"line":201,"column":0},"end":{"line":201,"column":24}},"201":{"start":{"line":202,"column":0},"end":{"line":202,"column":5}},"202":{"start":{"line":203,"column":0},"end":{"line":203,"column":0}},"203":{"start":{"line":204,"column":0},"end":{"line":204,"column":53}},"204":{"start":{"line":205,"column":0},"end":{"line":205,"column":28}},"205":{"start":{"line":206,"column":0},"end":{"line":206,"column":31}},"206":{"start":{"line":207,"column":0},"end":{"line":207,"column":0}},"207":{"start":{"line":208,"column":0},"end":{"line":208,"column":29}},"208":{"start":{"line":209,"column":0},"end":{"line":209,"column":21}},"209":{"start":{"line":210,"column":0},"end":{"line":210,"column":5}},"210":{"start":{"line":211,"column":0},"end":{"line":211,"column":0}},"211":{"start":{"line":212,"column":0},"end":{"line":212,"column":28}},"212":{"start":{"line":213,"column":0},"end":{"line":213,"column":62}},"213":{"start":{"line":214,"column":0},"end":{"line":214,"column":5}},"214":{"start":{"line":215,"column":0},"end":{"line":215,"column":0}},"215":{"start":{"line":216,"column":0},"end":{"line":216,"column":20}},"216":{"start":{"line":217,"column":0},"end":{"line":217,"column":1}},"217":{"start":{"line":218,"column":0},"end":{"line":218,"column":0}},"218":{"start":{"line":219,"column":0},"end":{"line":219,"column":3}},"219":{"start":{"line":220,"column":0},"end":{"line":220,"column":26}},"220":{"start":{"line":221,"column":0},"end":{"line":221,"column":15}},"221":{"start":{"line":222,"column":0},"end":{"line":222,"column":3}},"222":{"start":{"line":223,"column":0},"end":{"line":223,"column":29}},"223":{"start":{"line":224,"column":0},"end":{"line":224,"column":25}},"224":{"start":{"line":225,"column":0},"end":{"line":225,"column":46}},"225":{"start":{"line":226,"column":0},"end":{"line":226,"column":5}},"226":{"start":{"line":227,"column":0},"end":{"line":227,"column":1}},"227":{"start":{"line":228,"column":0},"end":{"line":228,"column":0}},"228":{"start":{"line":229,"column":0},"end":{"line":229,"column":3}},"229":{"start":{"line":230,"column":0},"end":{"line":230,"column":28}},"230":{"start":{"line":231,"column":0},"end":{"line":231,"column":2}},"231":{"start":{"line":232,"column":0},"end":{"line":232,"column":15}},"232":{"start":{"line":233,"column":0},"end":{"line":233,"column":3}},"233":{"start":{"line":234,"column":0},"end":{"line":234,"column":31}},"234":{"start":{"line":235,"column":0},"end":{"line":235,"column":36}},"235":{"start":{"line":236,"column":0},"end":{"line":236,"column":56}},"236":{"start":{"line":237,"column":0},"end":{"line":237,"column":5}},"237":{"start":{"line":238,"column":0},"end":{"line":238,"column":1}},"238":{"start":{"line":239,"column":0},"end":{"line":239,"column":0}},"239":{"start":{"line":240,"column":0},"end":{"line":240,"column":3}},"240":{"start":{"line":241,"column":0},"end":{"line":241,"column":36}},"241":{"start":{"line":242,"column":0},"end":{"line":242,"column":2}},"242":{"start":{"line":243,"column":0},"end":{"line":243,"column":15}},"243":{"start":{"line":244,"column":0},"end":{"line":244,"column":3}},"244":{"start":{"line":245,"column":0},"end":{"line":245,"column":32}},"245":{"start":{"line":246,"column":0},"end":{"line":246,"column":35}},"246":{"start":{"line":247,"column":0},"end":{"line":247,"column":64}},"247":{"start":{"line":248,"column":0},"end":{"line":248,"column":5}},"248":{"start":{"line":249,"column":0},"end":{"line":249,"column":1}},"249":{"start":{"line":250,"column":0},"end":{"line":250,"column":0}},"250":{"start":{"line":251,"column":0},"end":{"line":251,"column":37}},"251":{"start":{"line":252,"column":0},"end":{"line":252,"column":20}},"252":{"start":{"line":253,"column":0},"end":{"line":253,"column":53}},"253":{"start":{"line":254,"column":0},"end":{"line":254,"column":5}},"254":{"start":{"line":255,"column":0},"end":{"line":255,"column":1}},"255":{"start":{"line":256,"column":0},"end":{"line":256,"column":0}},"256":{"start":{"line":257,"column":0},"end":{"line":257,"column":3}},"257":{"start":{"line":258,"column":0},"end":{"line":258,"column":53}},"258":{"start":{"line":259,"column":0},"end":{"line":259,"column":2}},"259":{"start":{"line":260,"column":0},"end":{"line":260,"column":15}},"260":{"start":{"line":261,"column":0},"end":{"line":261,"column":14}},"261":{"start":{"line":262,"column":0},"end":{"line":262,"column":12}},"262":{"start":{"line":263,"column":0},"end":{"line":263,"column":3}},"263":{"start":{"line":264,"column":0},"end":{"line":264,"column":42}},"264":{"start":{"line":265,"column":0},"end":{"line":265,"column":37}},"265":{"start":{"line":266,"column":0},"end":{"line":266,"column":81}},"266":{"start":{"line":267,"column":0},"end":{"line":267,"column":5}},"267":{"start":{"line":268,"column":0},"end":{"line":268,"column":1}},"268":{"start":{"line":269,"column":0},"end":{"line":269,"column":0}},"269":{"start":{"line":270,"column":0},"end":{"line":270,"column":3}},"270":{"start":{"line":271,"column":0},"end":{"line":271,"column":32}},"271":{"start":{"line":272,"column":0},"end":{"line":272,"column":15}},"272":{"start":{"line":273,"column":0},"end":{"line":273,"column":3}},"273":{"start":{"line":274,"column":0},"end":{"line":274,"column":30}},"274":{"start":{"line":275,"column":0},"end":{"line":275,"column":32}},"275":{"start":{"line":276,"column":0},"end":{"line":276,"column":51}},"276":{"start":{"line":277,"column":0},"end":{"line":277,"column":5}},"277":{"start":{"line":278,"column":0},"end":{"line":278,"column":1}}},"s":{"0":1,"1":1,"2":1,"3":1,"4":1,"5":1,"6":1,"7":1,"8":1,"9":1,"10":1,"11":1,"12":1,"13":1,"14":1,"15":1,"16":1,"17":1,"18":1,"19":1,"20":1,"21":1,"22":1,"23":1,"24":1,"25":1,"26":1,"27":1,"28":6,"29":6,"30":6,"31":6,"32":6,"33":6,"34":1,"35":1,"36":1,"37":1,"38":1,"39":1,"40":1,"41":1,"42":1,"43":1,"44":1,"45":1,"46":6,"47":6,"48":6,"49":6,"50":6,"51":6,"52":1,"53":1,"54":1,"55":1,"56":1,"57":1,"58":1,"59":1,"60":1,"61":1,"62":1,"63":1,"64":1,"65":7,"66":7,"67":7,"68":7,"69":7,"70":7,"71":7,"72":1,"73":1,"74":1,"75":1,"76":1,"77":1,"78":1,"79":1,"80":1,"81":1,"82":1,"83":5,"84":5,"85":5,"86":5,"87":5,"88":5,"89":5,"90":5,"91":20,"92":20,"93":20,"94":14,"95":14,"96":20,"97":3,"98":3,"99":3,"100":1,"101":1,"102":1,"103":1,"104":1,"105":1,"106":1,"107":1,"108":1,"109":1,"110":1,"111":1,"112":1,"113":1,"114":1,"115":1,"116":1,"117":1,"118":5,"119":5,"120":5,"121":5,"122":5,"123":3,"124":5,"125":5,"126":1,"127":1,"128":1,"129":1,"130":1,"131":1,"132":1,"133":6,"134":6,"135":6,"136":6,"137":6,"138":6,"139":1,"140":1,"141":1,"142":1,"143":1,"144":1,"145":1,"146":1,"147":1,"148":6,"149":6,"150":6,"151":6,"152":6,"153":6,"154":6,"155":6,"156":6,"157":1,"158":1,"159":1,"160":1,"161":1,"162":6,"163":3,"164":9,"165":27,"166":27,"167":9,"168":3,"169":1,"170":1,"171":1,"172":1,"173":1,"174":1,"175":1,"176":1,"177":1,"178":1,"179":1,"180":1,"181":1,"182":1,"183":1,"184":1,"185":1,"186":1,"187":1,"188":15,"189":15,"190":15,"191":15,"192":15,"193":15,"194":15,"195":15,"196":27,"197":27,"198":27,"199":27,"200":27,"201":27,"202":15,"203":15,"204":24,"205":24,"206":24,"207":24,"208":24,"209":24,"210":15,"211":15,"212":3,"213":3,"214":15,"215":15,"216":15,"217":1,"218":1,"219":1,"220":1,"221":1,"222":118,"223":118,"224":15,"225":15,"226":118,"227":1,"228":1,"229":1,"230":1,"231":1,"232":1,"233":56,"234":56,"235":7,"236":7,"237":56,"238":1,"239":1,"240":1,"241":1,"242":1,"243":1,"244":36,"245":36,"246":6,"247":6,"248":36,"249":1,"250":8,"251":8,"252":2,"253":2,"254":8,"255":1,"256":1,"257":1,"258":1,"259":1,"260":1,"261":1,"262":1,"263":4,"264":4,"265":2,"266":2,"267":4,"268":1,"269":1,"270":1,"271":1,"272":1,"273":7,"274":7,"275":2,"276":2,"277":7},"branchMap":{"0":{"type":"branch","line":29,"loc":{"start":{"line":29,"column":0},"end":{"line":34,"column":1}},"locations":[{"start":{"line":29,"column":0},"end":{"line":34,"column":1}}]},"1":{"type":"branch","line":47,"loc":{"start":{"line":47,"column":0},"end":{"line":52,"column":1}},"locations":[{"start":{"line":47,"column":0},"end":{"line":52,"column":1}}]},"2":{"type":"branch","line":66,"loc":{"start":{"line":66,"column":0},"end":{"line":72,"column":1}},"locations":[{"start":{"line":66,"column":0},"end":{"line":72,"column":1}}]},"3":{"type":"branch","line":84,"loc":{"start":{"line":84,"column":0},"end":{"line":100,"column":1}},"locations":[{"start":{"line":84,"column":0},"end":{"line":100,"column":1}}]},"4":{"type":"branch","line":91,"loc":{"start":{"line":91,"column":42},"end":{"line":97,"column":5}},"locations":[{"start":{"line":91,"column":42},"end":{"line":97,"column":5}}]},"5":{"type":"branch","line":94,"loc":{"start":{"line":94,"column":35},"end":{"line":94,"column":62}},"locations":[{"start":{"line":94,"column":35},"end":{"line":94,"column":62}}]},"6":{"type":"branch","line":94,"loc":{"start":{"line":94,"column":64},"end":{"line":96,"column":9}},"locations":[{"start":{"line":94,"column":64},"end":{"line":96,"column":9}}]},"7":{"type":"branch","line":97,"loc":{"start":{"line":97,"column":4},"end":{"line":100,"column":1}},"locations":[{"start":{"line":97,"column":4},"end":{"line":100,"column":1}}]},"8":{"type":"branch","line":119,"loc":{"start":{"line":119,"column":0},"end":{"line":126,"column":1}},"locations":[{"start":{"line":119,"column":0},"end":{"line":126,"column":1}}]},"9":{"type":"branch","line":123,"loc":{"start":{"line":123,"column":11},"end":{"line":125,"column":5}},"locations":[{"start":{"line":123,"column":11},"end":{"line":125,"column":5}}]},"10":{"type":"branch","line":134,"loc":{"start":{"line":134,"column":0},"end":{"line":139,"column":1}},"locations":[{"start":{"line":134,"column":0},"end":{"line":139,"column":1}}]},"11":{"type":"branch","line":149,"loc":{"start":{"line":149,"column":0},"end":{"line":172,"column":1}},"locations":[{"start":{"line":149,"column":0},"end":{"line":172,"column":1}}]},"12":{"type":"branch","line":157,"loc":{"start":{"line":157,"column":31},"end":{"line":157,"column":55}},"locations":[{"start":{"line":157,"column":31},"end":{"line":157,"column":55}}]},"13":{"type":"branch","line":157,"loc":{"start":{"line":157,"column":55},"end":{"line":157,"column":82}},"locations":[{"start":{"line":157,"column":55},"end":{"line":157,"column":82}}]},"14":{"type":"branch","line":157,"loc":{"start":{"line":157,"column":84},"end":{"line":163,"column":32}},"locations":[{"start":{"line":157,"column":84},"end":{"line":163,"column":32}}]},"15":{"type":"branch","line":163,"loc":{"start":{"line":163,"column":32},"end":{"line":169,"column":5}},"locations":[{"start":{"line":163,"column":32},"end":{"line":169,"column":5}}]},"16":{"type":"branch","line":164,"loc":{"start":{"line":164,"column":36},"end":{"line":168,"column":9}},"locations":[{"start":{"line":164,"column":36},"end":{"line":168,"column":9}}]},"17":{"type":"branch","line":165,"loc":{"start":{"line":165,"column":40},"end":{"line":167,"column":13}},"locations":[{"start":{"line":165,"column":40},"end":{"line":167,"column":13}}]},"18":{"type":"branch","line":169,"loc":{"start":{"line":169,"column":4},"end":{"line":172,"column":1}},"locations":[{"start":{"line":169,"column":4},"end":{"line":172,"column":1}}]},"19":{"type":"branch","line":161,"loc":{"start":{"line":161,"column":45},"end":{"line":161,"column":67}},"locations":[{"start":{"line":161,"column":45},"end":{"line":161,"column":67}}]},"20":{"type":"branch","line":189,"loc":{"start":{"line":189,"column":0},"end":{"line":217,"column":1}},"locations":[{"start":{"line":189,"column":0},"end":{"line":217,"column":1}}]},"21":{"type":"branch","line":196,"loc":{"start":{"line":196,"column":4},"end":{"line":202,"column":5}},"locations":[{"start":{"line":196,"column":4},"end":{"line":202,"column":5}}]},"22":{"type":"branch","line":204,"loc":{"start":{"line":204,"column":35},"end":{"line":210,"column":5}},"locations":[{"start":{"line":204,"column":35},"end":{"line":210,"column":5}}]},"23":{"type":"branch","line":212,"loc":{"start":{"line":212,"column":16},"end":{"line":214,"column":5}},"locations":[{"start":{"line":212,"column":16},"end":{"line":214,"column":5}}]},"24":{"type":"branch","line":213,"loc":{"start":{"line":213,"column":28},"end":{"line":213,"column":51}},"locations":[{"start":{"line":213,"column":28},"end":{"line":213,"column":51}}]},"25":{"type":"branch","line":223,"loc":{"start":{"line":223,"column":0},"end":{"line":227,"column":1}},"locations":[{"start":{"line":223,"column":0},"end":{"line":227,"column":1}}]},"26":{"type":"branch","line":224,"loc":{"start":{"line":224,"column":24},"end":{"line":226,"column":5}},"locations":[{"start":{"line":224,"column":24},"end":{"line":226,"column":5}}]},"27":{"type":"branch","line":234,"loc":{"start":{"line":234,"column":0},"end":{"line":238,"column":1}},"locations":[{"start":{"line":234,"column":0},"end":{"line":238,"column":1}}]},"28":{"type":"branch","line":235,"loc":{"start":{"line":235,"column":35},"end":{"line":237,"column":5}},"locations":[{"start":{"line":235,"column":35},"end":{"line":237,"column":5}}]},"29":{"type":"branch","line":245,"loc":{"start":{"line":245,"column":0},"end":{"line":249,"column":1}},"locations":[{"start":{"line":245,"column":0},"end":{"line":249,"column":1}}]},"30":{"type":"branch","line":246,"loc":{"start":{"line":246,"column":34},"end":{"line":248,"column":5}},"locations":[{"start":{"line":246,"column":34},"end":{"line":248,"column":5}}]},"31":{"type":"branch","line":251,"loc":{"start":{"line":251,"column":0},"end":{"line":255,"column":1}},"locations":[{"start":{"line":251,"column":0},"end":{"line":255,"column":1}}]},"32":{"type":"branch","line":252,"loc":{"start":{"line":252,"column":19},"end":{"line":254,"column":5}},"locations":[{"start":{"line":252,"column":19},"end":{"line":254,"column":5}}]},"33":{"type":"branch","line":264,"loc":{"start":{"line":264,"column":0},"end":{"line":268,"column":1}},"locations":[{"start":{"line":264,"column":0},"end":{"line":268,"column":1}}]},"34":{"type":"branch","line":265,"loc":{"start":{"line":265,"column":20},"end":{"line":265,"column":34}},"locations":[{"start":{"line":265,"column":20},"end":{"line":265,"column":34}}]},"35":{"type":"branch","line":265,"loc":{"start":{"line":265,"column":36},"end":{"line":267,"column":5}},"locations":[{"start":{"line":265,"column":36},"end":{"line":267,"column":5}}]},"36":{"type":"branch","line":274,"loc":{"start":{"line":274,"column":0},"end":{"line":278,"column":1}},"locations":[{"start":{"line":274,"column":0},"end":{"line":278,"column":1}}]},"37":{"type":"branch","line":275,"loc":{"start":{"line":275,"column":31},"end":{"line":277,"column":5}},"locations":[{"start":{"line":275,"column":31},"end":{"line":277,"column":5}}]}},"b":{"0":[6],"1":[6],"2":[7],"3":[5],"4":[20],"5":[17],"6":[14],"7":[3],"8":[5],"9":[3],"10":[6],"11":[6],"12":[2],"13":[1],"14":[1],"15":[3],"16":[9],"17":[27],"18":[1],"19":[3],"20":[15],"21":[27],"22":[24],"23":[3],"24":[12],"25":[118],"26":[15],"27":[56],"28":[7],"29":[36],"30":[6],"31":[8],"32":[2],"33":[4],"34":[3],"35":[2],"36":[7],"37":[2]},"fnMap":{"0":{"name":"secondsToDate","decl":{"start":{"line":29,"column":0},"end":{"line":34,"column":1}},"loc":{"start":{"line":29,"column":0},"end":{"line":34,"column":1}},"line":29},"1":{"name":"toBase2Converter","decl":{"start":{"line":47,"column":0},"end":{"line":52,"column":1}},"loc":{"start":{"line":47,"column":0},"end":{"line":52,"column":1}},"line":47},"2":{"name":"substringOccurrencesCounter","decl":{"start":{"line":66,"column":0},"end":{"line":72,"column":1}},"loc":{"start":{"line":66,"column":0},"end":{"line":72,"column":1}},"line":66},"3":{"name":"repeatingLetters","decl":{"start":{"line":84,"column":0},"end":{"line":100,"column":1}},"loc":{"start":{"line":84,"column":0},"end":{"line":100,"column":1}},"line":84},"4":{"name":"redundant","decl":{"start":{"line":119,"column":0},"end":{"line":126,"column":1}},"loc":{"start":{"line":119,"column":0},"end":{"line":126,"column":1}},"line":119},"5":{"name":"towerHanoi","decl":{"start":{"line":134,"column":0},"end":{"line":139,"column":1}},"loc":{"start":{"line":134,"column":0},"end":{"line":139,"column":1}},"line":134},"6":{"name":"matrixMultiplication","decl":{"start":{"line":149,"column":0},"end":{"line":172,"column":1}},"loc":{"start":{"line":149,"column":0},"end":{"line":172,"column":1}},"line":149},"7":{"name":"gather","decl":{"start":{"line":189,"column":0},"end":{"line":217,"column":1}},"loc":{"start":{"line":189,"column":0},"end":{"line":217,"column":1}},"line":189},"8":{"name":"gatherFn","decl":{"start":{"line":196,"column":4},"end":{"line":202,"column":5}},"loc":{"start":{"line":196,"column":4},"end":{"line":202,"column":5}},"line":196},"9":{"name":"gatherFn.order","decl":{"start":{"line":204,"column":35},"end":{"line":210,"column":5}},"loc":{"start":{"line":204,"column":35},"end":{"line":210,"column":5}},"line":204},"10":{"name":"order.get","decl":{"start":{"line":212,"column":16},"end":{"line":214,"column":5}},"loc":{"start":{"line":212,"column":16},"end":{"line":214,"column":5}},"line":212},"11":{"name":"checkIfNull","decl":{"start":{"line":223,"column":0},"end":{"line":227,"column":1}},"loc":{"start":{"line":223,"column":0},"end":{"line":227,"column":1}},"line":223},"12":{"name":"checkIfString","decl":{"start":{"line":234,"column":0},"end":{"line":238,"column":1}},"loc":{"start":{"line":234,"column":0},"end":{"line":238,"column":1}},"line":234},"13":{"name":"checkIfInteger","decl":{"start":{"line":245,"column":0},"end":{"line":249,"column":1}},"loc":{"start":{"line":245,"column":0},"end":{"line":249,"column":1}},"line":245},"14":{"name":"checkIfLessThanZero","decl":{"start":{"line":251,"column":0},"end":{"line":255,"column":1}},"loc":{"start":{"line":251,"column":0},"end":{"line":255,"column":1}},"line":251},"15":{"name":"checkIfInRange","decl":{"start":{"line":264,"column":0},"end":{"line":268,"column":1}},"loc":{"start":{"line":264,"column":0},"end":{"line":268,"column":1}},"line":264},"16":{"name":"checkIfArray","decl":{"start":{"line":274,"column":0},"end":{"line":278,"column":1}},"loc":{"start":{"line":274,"column":0},"end":{"line":278,"column":1}},"line":274}},"f":{"0":6,"1":6,"2":7,"3":5,"4":5,"5":6,"6":6,"7":15,"8":27,"9":24,"10":3,"11":118,"12":56,"13":36,"14":8,"15":4,"16":7}}
}
