TN:
SF:tasks\practice-tasks.js
FN:29,secondsToDate
FN:47,toBase2Converter
FN:66,substringOccurrencesCounter
FN:84,repeatingLetters
FN:119,redundant
FN:134,towerHanoi
FN:149,matrixMultiplication
FN:189,gather
FN:196,gatherFn
FN:204,gatherFn.order
FN:212,order.get
FN:223,checkIfNull
FN:234,checkIfString
FN:245,checkIfInteger
FN:251,checkIfLessThanZero
FN:264,checkIfInRange
FN:274,checkIfArray
FNF:17
FNH:17
FNDA:6,secondsToDate
FNDA:6,toBase2Converter
FNDA:7,substringOccurrencesCounter
FNDA:5,repeatingLetters
FNDA:5,redundant
FNDA:6,towerHanoi
FNDA:6,matrixMultiplication
FNDA:15,gather
FNDA:27,gatherFn
FNDA:24,gatherFn.order
FNDA:3,order.get
FNDA:118,checkIfNull
FNDA:56,checkIfString
FNDA:36,checkIfInteger
FNDA:8,checkIfLessThanZero
FNDA:4,checkIfInRange
FNDA:7,checkIfArray
DA:1,1
DA:2,1
DA:3,1
DA:4,1
DA:5,1
DA:6,1
DA:7,1
DA:8,1
DA:9,1
DA:10,1
DA:11,1
DA:12,1
DA:13,1
DA:14,1
DA:15,1
DA:16,1
DA:17,1
DA:18,1
DA:19,1
DA:20,1
DA:21,1
DA:22,1
DA:23,1
DA:24,1
DA:25,1
DA:26,1
DA:27,1
DA:28,1
DA:29,6
DA:30,6
DA:31,6
DA:32,6
DA:33,6
DA:34,6
DA:35,1
DA:36,1
DA:37,1
DA:38,1
DA:39,1
DA:40,1
DA:41,1
DA:42,1
DA:43,1
DA:44,1
DA:45,1
DA:46,1
DA:47,6
DA:48,6
DA:49,6
DA:50,6
DA:51,6
DA:52,6
DA:53,1
DA:54,1
DA:55,1
DA:56,1
DA:57,1
DA:58,1
DA:59,1
DA:60,1
DA:61,1
DA:62,1
DA:63,1
DA:64,1
DA:65,1
DA:66,7
DA:67,7
DA:68,7
DA:69,7
DA:70,7
DA:71,7
DA:72,7
DA:73,1
DA:74,1
DA:75,1
DA:76,1
DA:77,1
DA:78,1
DA:79,1
DA:80,1
DA:81,1
DA:82,1
DA:83,1
DA:84,5
DA:85,5
DA:86,5
DA:87,5
DA:88,5
DA:89,5
DA:90,5
DA:91,5
DA:92,20
DA:93,20
DA:94,20
DA:95,14
DA:96,14
DA:97,20
DA:98,3
DA:99,3
DA:100,3
DA:101,1
DA:102,1
DA:103,1
DA:104,1
DA:105,1
DA:106,1
DA:107,1
DA:108,1
DA:109,1
DA:110,1
DA:111,1
DA:112,1
DA:113,1
DA:114,1
DA:115,1
DA:116,1
DA:117,1
DA:118,1
DA:119,5
DA:120,5
DA:121,5
DA:122,5
DA:123,5
DA:124,3
DA:125,5
DA:126,5
DA:127,1
DA:128,1
DA:129,1
DA:130,1
DA:131,1
DA:132,1
DA:133,1
DA:134,6
DA:135,6
DA:136,6
DA:137,6
DA:138,6
DA:139,6
DA:140,1
DA:141,1
DA:142,1
DA:143,1
DA:144,1
DA:145,1
DA:146,1
DA:147,1
DA:148,1
DA:149,6
DA:150,6
DA:151,6
DA:152,6
DA:153,6
DA:154,6
DA:155,6
DA:156,6
DA:157,6
DA:158,1
DA:159,1
DA:160,1
DA:161,1
DA:162,1
DA:163,6
DA:164,3
DA:165,9
DA:166,27
DA:167,27
DA:168,9
DA:169,3
DA:170,1
DA:171,1
DA:172,1
DA:173,1
DA:174,1
DA:175,1
DA:176,1
DA:177,1
DA:178,1
DA:179,1
DA:180,1
DA:181,1
DA:182,1
DA:183,1
DA:184,1
DA:185,1
DA:186,1
DA:187,1
DA:188,1
DA:189,15
DA:190,15
DA:191,15
DA:192,15
DA:193,15
DA:194,15
DA:195,15
DA:196,15
DA:197,27
DA:198,27
DA:199,27
DA:200,27
DA:201,27
DA:202,27
DA:203,15
DA:204,15
DA:205,24
DA:206,24
DA:207,24
DA:208,24
DA:209,24
DA:210,24
DA:211,15
DA:212,15
DA:213,3
DA:214,3
DA:215,15
DA:216,15
DA:217,15
DA:218,1
DA:219,1
DA:220,1
DA:221,1
DA:222,1
DA:223,118
DA:224,118
DA:225,15
DA:226,15
DA:227,118
DA:228,1
DA:229,1
DA:230,1
DA:231,1
DA:232,1
DA:233,1
DA:234,56
DA:235,56
DA:236,7
DA:237,7
DA:238,56
DA:239,1
DA:240,1
DA:241,1
DA:242,1
DA:243,1
DA:244,1
DA:245,36
DA:246,36
DA:247,6
DA:248,6
DA:249,36
DA:250,1
DA:251,8
DA:252,8
DA:253,2
DA:254,2
DA:255,8
DA:256,1
DA:257,1
DA:258,1
DA:259,1
DA:260,1
DA:261,1
DA:262,1
DA:263,1
DA:264,4
DA:265,4
DA:266,2
DA:267,2
DA:268,4
DA:269,1
DA:270,1
DA:271,1
DA:272,1
DA:273,1
DA:274,7
DA:275,7
DA:276,2
DA:277,2
DA:278,7
LF:278
LH:278
BRDA:29,0,0,6
BRDA:47,1,0,6
BRDA:66,2,0,7
BRDA:84,3,0,5
BRDA:91,4,0,20
BRDA:94,5,0,17
BRDA:94,6,0,14
BRDA:97,7,0,3
BRDA:119,8,0,5
BRDA:123,9,0,3
BRDA:134,10,0,6
BRDA:149,11,0,6
BRDA:157,12,0,2
BRDA:157,13,0,1
BRDA:157,14,0,1
BRDA:163,15,0,3
BRDA:164,16,0,9
BRDA:165,17,0,27
BRDA:169,18,0,1
BRDA:161,19,0,3
BRDA:189,20,0,15
BRDA:196,21,0,27
BRDA:204,22,0,24
BRDA:212,23,0,3
BRDA:213,24,0,12
BRDA:223,25,0,118
BRDA:224,26,0,15
BRDA:234,27,0,56
BRDA:235,28,0,7
BRDA:245,29,0,36
BRDA:246,30,0,6
BRDA:251,31,0,8
BRDA:252,32,0,2
BRDA:264,33,0,4
BRDA:265,34,0,3
BRDA:265,35,0,2
BRDA:274,36,0,7
BRDA:275,37,0,2
BRF:38
BRH:38
end_of_record
